0.029388
0.117819
0.0833744
0.078805
0.127217
0.149505
0.135725
0.381729
0.536985
0.514175
0.500003
0.44688
0.364231
0.469204
0.487623
0.364231
0.428786
0.373198
0.393571
0.386795
0.436109
0.414261
0.200294
0.710114
1.12049
0.880047
1.24711
0.867234
2.58316
0.552284
1.3054
3.18244
10.2896
0.02309
0.0805167
0.0565188
0.0677984
0.0563646
0.0750352
0.0697796
0.288925
0.258221
0.257103
0.289801
0.281747
0.236652
0.320899
0.280933
0.232496
0.312065
0.264732
0.276129
0.267025
0.29662
0.284238
0.0957186
0.464159
0.717506
0.683078
0.846887
0.513828
1.58585
0.323772
0.714458
1.78399
7.69347
9.99921
11.4247
13.882
15.7376
17.5224
18.4648
20.9407
20.7911
24.1179
